c:\users\akyol\documents\vısual studıo 2013\projects\cuckoo_detectıon\cuckoo_detectıon\debug\vc120.pdb
c:\users\akyol\documents\vısual studıo 2013\projects\cuckoo_detectıon\cuckoo_detectıon\debug\vc120.ıdb
c:\users\akyol\documents\vısual studıo 2013\projects\cuckoo_detectıon\cuckoo_detectıon\debug\analysıstools.obj
c:\users\akyol\documents\vısual studıo 2013\projects\cuckoo_detectıon\cuckoo_detectıon\debug\antıvırtualmachınedetect.obj
c:\users\akyol\documents\vısual studıo 2013\projects\cuckoo_detectıon\cuckoo_detectıon\debug\somesandboxesdetect.obj
c:\users\akyol\documents\vısual studıo 2013\projects\cuckoo_detectıon\cuckoo_detectıon\debug\control.obj
c:\users\akyol\documents\vısual studıo 2013\projects\cuckoo_detectıon\cuckoo_detectıon\debug\cuckoodetect.obj
c:\users\akyol\documents\vısual studıo 2013\projects\cuckoo_detectıon\cuckoo_detectıon\debug\functıons.obj
c:\users\akyol\documents\vısual studıo 2013\projects\cuckoo_detectıon\cuckoo_detectıon\debug\maın.obj
c:\users\akyol\documents\vısual studıo 2013\projects\cuckoo_detectıon\cuckoo_detectıon\debug\someenvıronments.obj
c:\users\akyol\documents\vısual studıo 2013\projects\cuckoo_detectıon\cuckoo_detectıon\debug\vırtualboxdetect.obj
c:\users\akyol\documents\vısual studıo 2013\projects\cuckoo_detectıon\cuckoo_detectıon\debug\vırtualmachınedetect.obj
c:\users\akyol\documents\vısual studıo 2013\projects\cuckoo_detectıon\debug\JY_Detector.ılk
c:\users\akyol\documents\vısual studıo 2013\projects\cuckoo_detectıon\debug\JY_Detector.exe
c:\users\akyol\documents\vısual studıo 2013\projects\cuckoo_detectıon\debug\JY_Detector.pdb
c:\users\akyol\documents\vısual studıo 2013\projects\cuckoo_detectıon\cuckoo_detectıon\debug\resource.res
c:\users\akyol\documents\visual studio 2013\projects\cuckoo_detection\cuckoo_detection\debug\analysistools.obj
c:\users\akyol\documents\visual studio 2013\projects\cuckoo_detection\cuckoo_detection\debug\antivirtualmachinedetect.obj
c:\users\akyol\documents\visual studio 2013\projects\cuckoo_detection\cuckoo_detection\debug\control.obj
c:\users\akyol\documents\visual studio 2013\projects\cuckoo_detection\cuckoo_detection\debug\cuckoodetect.obj
c:\users\akyol\documents\visual studio 2013\projects\cuckoo_detection\cuckoo_detection\debug\functions.obj
c:\users\akyol\documents\visual studio 2013\projects\cuckoo_detection\cuckoo_detection\debug\main.obj
c:\users\akyol\documents\visual studio 2013\projects\cuckoo_detection\cuckoo_detection\debug\someenvironments.obj
c:\users\akyol\documents\visual studio 2013\projects\cuckoo_detection\cuckoo_detection\debug\somesandboxesdetect.obj
c:\users\akyol\documents\visual studio 2013\projects\cuckoo_detection\cuckoo_detection\debug\virtualboxdetect.obj
c:\users\akyol\documents\visual studio 2013\projects\cuckoo_detection\cuckoo_detection\debug\virtualmachinedetect.obj
c:\users\akyol\documents\visual studio 2013\projects\cuckoo_detection\cuckoo_detection\debug\resource.res
c:\users\akyol\documents\visual studio 2013\projects\cuckoo_detection\cuckoo_detection\debug\vc120.idb
c:\users\akyol\documents\visual studio 2013\projects\cuckoo_detection\cuckoo_detection\debug\vc120.pdb
c:\users\akyol\documents\visual studio 2013\projects\cuckoo_detection\debug\JY_Detector.pdb
c:\users\akyol\documents\visual studio 2013\projects\cuckoo_detection\debug\JY_Detector.exe
c:\users\akyol\documents\visual studio 2013\projects\cuckoo_detection\debug\JY_Detector.ilk
c:\users\akyol\documents\visual studio 2013\projects\cuckoo_detection\cuckoo_detection\debug\JY_Detector.tlog\cl.command.1.tlog
c:\users\akyol\documents\visual studio 2013\projects\cuckoo_detection\cuckoo_detection\debug\JY_Detector.tlog\cl.read.1.tlog
c:\users\akyol\documents\visual studio 2013\projects\cuckoo_detection\cuckoo_detection\debug\JY_Detector.tlog\cl.write.1.tlog
c:\users\akyol\documents\visual studio 2013\projects\cuckoo_detection\cuckoo_detection\debug\JY_Detector.tlog\link.command.1.tlog
c:\users\akyol\documents\visual studio 2013\projects\cuckoo_detection\cuckoo_detection\debug\JY_Detector.tlog\link.read.1.tlog
c:\users\akyol\documents\visual studio 2013\projects\cuckoo_detection\cuckoo_detection\debug\JY_Detector.tlog\link.write.1.tlog
c:\users\akyol\documents\visual studio 2013\projects\cuckoo_detection\cuckoo_detection\debug\JY_Detector.tlog\rc.command.1.tlog
c:\users\akyol\documents\visual studio 2013\projects\cuckoo_detection\cuckoo_detection\debug\JY_Detector.tlog\rc.read.1.tlog
c:\users\akyol\documents\visual studio 2013\projects\cuckoo_detection\cuckoo_detection\debug\JY_Detector.tlog\rc.write.1.tlog
